<?xml version="1.0" encoding="UTF-8"?>
<!-- Generated by org.testng.reporters.JUnitReportReporter -->
<testsuite hostname="Kamal" failures="0" tests="2" name="HelperAttributes.Enabled" time="0.023" errors="0" timestamp="2025-08-20T19:32:05 IST" skipped="1">
  <testcase classname="HelperAttributes.Enabled" name="all" time="0.023">
    <system-out>
      <![CDATA[enabled a11]]>
    </system-out>
  </testcase> <!-- all -->
  <testcase classname="HelperAttributes.Enabled" name="a22">
    <skipped/>
  </testcase> <!-- a22 -->
  <system-out>
    <![CDATA[enabled a11]]>
  </system-out>
</testsuite> <!-- HelperAttributes.Enabled -->
