<?xml version="1.0" encoding="UTF-8"?>
<!-- Generated by org.testng.reporters.JUnitReportReporter -->
<testsuite hostname="Kamal" failures="0" tests="1" name="DataDrivenTesting.CreateCampaignUsingMandatoryTest" time="5.640" errors="0" timestamp="2025-09-05T20:42:44 IST" skipped="0">
  <testcase classname="DataDrivenTesting.CreateCampaignUsingMandatoryTest" name="createCampaign" time="5.640">
    <system-out>
      <![CDATA[====createCampaignExecution success====]]>
    </system-out>
  </testcase> <!-- createCampaign -->
  <system-out>
    <![CDATA[Reporter Configuration
Before Suite
Preconditions
====createCampaignExecution success====
Post Conditions
After SUite]]>
  </system-out>
</testsuite> <!-- DataDrivenTesting.CreateCampaignUsingMandatoryTest -->
