<?xml version="1.0" encoding="UTF-8"?>
<!-- Generated by org.testng.reporters.JUnitReportReporter -->
<testsuite hostname="Kamal" failures="0" tests="1" name="DataDrivenTesting.CreateCampaignUsingStatus" time="5.350" errors="0" timestamp="2025-08-28T19:33:55 IST" skipped="0">
  <testcase classname="DataDrivenTesting.CreateCampaignUsingStatus" name="createCampaignUsingStatus" time="5.350"/>
  <system-out>
    <![CDATA[Before Suite
Preconditions
Post Conditions
After SUite]]>
  </system-out>
</testsuite> <!-- DataDrivenTesting.CreateCampaignUsingStatus -->
