<?xml version="1.0" encoding="UTF-8"?>
<!-- Generated by org.testng.reporters.JUnitReportReporter -->
<testsuite hostname="Kamal" failures="0" tests="3" name="HelperAttributes.Priority" time="0.015" errors="0" timestamp="2025-08-19T20:13:56 IST" skipped="0">
  <testcase classname="HelperAttributes.Priority" name="bookMyShow" time="0.011">
    <system-out>
      <![CDATA[BookMySHow Executed]]>
    </system-out>
  </testcase> <!-- bookMyShow -->
  <testcase classname="HelperAttributes.Priority" name="amazon" time="0.003">
    <system-out>
      <![CDATA[Amazon Executed]]>
    </system-out>
  </testcase> <!-- amazon -->
  <testcase classname="HelperAttributes.Priority" name="flipkart" time="0.001">
    <system-out>
      <![CDATA[Flipkart Executed]]>
    </system-out>
  </testcase> <!-- flipkart -->
  <system-out>
    <![CDATA[BookMySHow Executed
Amazon Executed
Flipkart Executed]]>
  </system-out>
</testsuite> <!-- HelperAttributes.Priority -->
