<?xml version="1.0" encoding="UTF-8"?>
<!-- Generated by org.testng.reporters.JUnitReportReporter -->
<testsuite hostname="Kamal" failures="0" tests="3" name="HelperAttributes.DependsOn" time="0.015" errors="0" timestamp="2025-08-20T19:35:55 IST" skipped="0">
  <testcase classname="HelperAttributes.DependsOn" name="method3" time="0.002">
    <system-out>
      <![CDATA[enabled method3]]>
    </system-out>
  </testcase> <!-- method3 -->
  <testcase classname="HelperAttributes.DependsOn" name="method2" time="0.011">
    <system-out>
      <![CDATA[enabled method2]]>
    </system-out>
  </testcase> <!-- method2 -->
  <testcase classname="HelperAttributes.DependsOn" name="method1" time="0.002">
    <system-out>
      <![CDATA[enabled method1]]>
    </system-out>
  </testcase> <!-- method1 -->
  <system-out>
    <![CDATA[enabled method2
enabled method1
enabled method3]]>
  </system-out>
</testsuite> <!-- HelperAttributes.DependsOn -->
