<?xml version="1.0" encoding="UTF-8"?>
<!-- Generated by org.testng.reporters.JUnitReportReporter -->
<testsuite hostname="Kamal" failures="0" tests="1" name="BaseClass.BaseClassExamples" time="0.013" errors="0" timestamp="2025-08-21T19:52:07 IST" skipped="0">
  <testcase classname="BaseClass.BaseClassExamples" name="TC001" time="0.013">
    <system-out>
      <![CDATA[TestCases]]>
    </system-out>
  </testcase> <!-- TC001 -->
  <system-out>
    <![CDATA[DB Connection eshtablished
Pre Conditions
Launch browser
Login
TestCases
Logout
Close browser
Post Conditions
Close database connection]]>
  </system-out>
</testsuite> <!-- BaseClass.BaseClassExamples -->
