<?xml version="1.0" encoding="UTF-8"?>
<!-- Generated by org.testng.reporters.JUnitReportReporter -->
<testsuite hostname="Kamal" failures="0" tests="12" name="HelperAttributes.ThreadPoolSize" time="93.842" errors="0" timestamp="2025-08-19T20:38:05 IST" skipped="0">
  <testcase classname="HelperAttributes.ThreadPoolSize" name="amazon1" time="6.280">
    <system-out>
      <![CDATA[Execution done]]>
    </system-out>
  </testcase> <!-- amazon1 -->
  <testcase classname="HelperAttributes.ThreadPoolSize" name="amazon" time="10.321">
    <system-out>
      <![CDATA[Execution done]]>
    </system-out>
  </testcase> <!-- amazon -->
  <testcase classname="HelperAttributes.ThreadPoolSize" name="amazon" time="9.995">
    <system-out>
      <![CDATA[Execution done]]>
    </system-out>
  </testcase> <!-- amazon -->
  <testcase classname="HelperAttributes.ThreadPoolSize" name="amazon1" time="6.511">
    <system-out>
      <![CDATA[Execution done]]>
    </system-out>
  </testcase> <!-- amazon1 -->
  <testcase classname="HelperAttributes.ThreadPoolSize" name="amazon" time="7.031">
    <system-out>
      <![CDATA[Execution done]]>
    </system-out>
  </testcase> <!-- amazon -->
  <testcase classname="HelperAttributes.ThreadPoolSize" name="amazon" time="7.109">
    <system-out>
      <![CDATA[Execution done]]>
    </system-out>
  </testcase> <!-- amazon -->
  <testcase classname="HelperAttributes.ThreadPoolSize" name="amazon1" time="7.040">
    <system-out>
      <![CDATA[Execution done]]>
    </system-out>
  </testcase> <!-- amazon1 -->
  <testcase classname="HelperAttributes.ThreadPoolSize" name="amazon1" time="6.748">
    <system-out>
      <![CDATA[Execution done]]>
    </system-out>
  </testcase> <!-- amazon1 -->
  <testcase classname="HelperAttributes.ThreadPoolSize" name="amazon1" time="7.068">
    <system-out>
      <![CDATA[Execution done]]>
    </system-out>
  </testcase> <!-- amazon1 -->
  <testcase classname="HelperAttributes.ThreadPoolSize" name="amazon1" time="9.076">
    <system-out>
      <![CDATA[Execution done]]>
    </system-out>
  </testcase> <!-- amazon1 -->
  <testcase classname="HelperAttributes.ThreadPoolSize" name="amazon" time="7.028">
    <system-out>
      <![CDATA[Execution done]]>
    </system-out>
  </testcase> <!-- amazon -->
  <testcase classname="HelperAttributes.ThreadPoolSize" name="amazon" time="9.635">
    <system-out>
      <![CDATA[Execution done]]>
    </system-out>
  </testcase> <!-- amazon -->
  <system-out>
    <![CDATA[Execution done
Execution done
Execution done
Execution done
Execution done
Execution done
Execution done
Execution done
Execution done
Execution done
Execution done
Execution done]]>
  </system-out>
</testsuite> <!-- HelperAttributes.ThreadPoolSize -->
