<?xml version="1.0" encoding="UTF-8"?>
<!-- Generated by org.testng.reporters.JUnitReportReporter -->
<testsuite hostname="Kamal" failures="0" tests="6" name="HelperAttributes.Dataproviders" time="45.565" errors="0" timestamp="2025-08-20T20:34:35 IST" skipped="0">
  <testcase classname="HelperAttributes.Dataproviders" name="loginInsta" time="7.414"/>
  <testcase classname="HelperAttributes.Dataproviders" name="loginInsta" time="7.747"/>
  <testcase classname="HelperAttributes.Dataproviders" name="loginInsta" time="7.710"/>
  <testcase classname="HelperAttributes.Dataproviders" name="loginInsta" time="8.030"/>
  <testcase classname="HelperAttributes.Dataproviders" name="loginInsta" time="7.344"/>
  <testcase classname="HelperAttributes.Dataproviders" name="loginInsta" time="7.320"/>
</testsuite> <!-- HelperAttributes.Dataproviders -->
