<?xml version="1.0" encoding="UTF-8"?>
<!-- Generated by org.testng.reporters.JUnitReportReporter -->
<testsuite hostname="Kamal" failures="0" tests="3" name="HelperAttributes.InvocationCount" time="11.741" errors="0" timestamp="2025-08-19T20:21:34 IST" skipped="0">
  <testcase classname="HelperAttributes.InvocationCount" name="amazon" time="3.436">
    <system-out>
      <![CDATA[Execution done]]>
    </system-out>
  </testcase> <!-- amazon -->
  <testcase classname="HelperAttributes.InvocationCount" name="amazon" time="3.487">
    <system-out>
      <![CDATA[Execution done]]>
    </system-out>
  </testcase> <!-- amazon -->
  <testcase classname="HelperAttributes.InvocationCount" name="amazon" time="4.818">
    <system-out>
      <![CDATA[Execution done]]>
    </system-out>
  </testcase> <!-- amazon -->
  <system-out>
    <![CDATA[Execution done
Execution done
Execution done]]>
  </system-out>
</testsuite> <!-- HelperAttributes.InvocationCount -->
